{
  "RSpec": {
    "coverage": {
      "/Users/viral/workspace/job/exam_system/app/controllers/v1/answers_controller.rb": {
        "lines": [
          1,
          1,
          1,
          3,
          3,
          2,
          null,
          1,
          null,
          null,
          null,
          1,
          null,
          1,
          3,
          null,
          null,
          null
        ]
      },
      "/Users/viral/workspace/job/exam_system/app/controllers/application_controller.rb": {
        "lines": [
          1,
          1,
          null,
          1,
          24,
          null,
          null,
          1,
          20,
          null,
          20,
          20,
          null,
          null
        ]
      },
      "/Users/viral/workspace/job/exam_system/app/controllers/concerns/response.rb": {
        "lines": [
          1,
          1,
          2,
          null,
          null,
          1,
          1,
          null,
          null,
          1,
          2,
          null,
          null,
          1,
          0,
          null,
          null,
          1,
          2,
          null,
          null,
          1,
          1,
          null,
          null
        ]
      },
      "/Users/viral/workspace/job/exam_system/app/controllers/v1/questions_controller.rb": {
        "lines": [
          1,
          1,
          1,
          null,
          1,
          1,
          1,
          0,
          null,
          1,
          null,
          null,
          null,
          1,
          null,
          1,
          1,
          null,
          null,
          null
        ]
      },
      "/Users/viral/workspace/job/exam_system/app/controllers/v1/users_controller.rb": {
        "lines": [
          1,
          1,
          1,
          null,
          1,
          null,
          null,
          null,
          null,
          1,
          null,
          null,
          1,
          null,
          1,
          4,
          4,
          5,
          5,
          null,
          5,
          null,
          null,
          null,
          null,
          null,
          null,
          null,
          null,
          null,
          null,
          null,
          null,
          null,
          null,
          null,
          null,
          null,
          null,
          5,
          null,
          null,
          null,
          null,
          null,
          4,
          null,
          null,
          null
        ]
      },
      "/Users/viral/workspace/job/exam_system/app/models/answer.rb": {
        "lines": [
          1,
          1,
          1,
          1,
          null,
          1,
          null,
          1,
          null,
          1,
          14,
          null,
          12,
          null,
          null,
          1,
          6,
          null,
          4,
          null,
          null
        ]
      },
      "/Users/viral/workspace/job/exam_system/app/models/application_record.rb": {
        "lines": [
          1,
          1,
          null
        ]
      },
      "/Users/viral/workspace/job/exam_system/app/models/chapter.rb": {
        "lines": [
          1,
          1,
          1,
          null,
          1,
          1,
          null
        ]
      },
      "/Users/viral/workspace/job/exam_system/app/models/exam.rb": {
        "lines": [
          1,
          1,
          1,
          1,
          1,
          null,
          1,
          1,
          null
        ]
      },
      "/Users/viral/workspace/job/exam_system/app/models/question_option.rb": {
        "lines": [
          1,
          1,
          null,
          1,
          null
        ]
      },
      "/Users/viral/workspace/job/exam_system/app/models/question.rb": {
        "lines": [
          1,
          1,
          1,
          null,
          1,
          null,
          1,
          1,
          null
        ]
      },
      "/Users/viral/workspace/job/exam_system/app/models/subject.rb": {
        "lines": [
          1,
          1,
          1,
          1,
          1,
          null,
          1,
          1,
          null
        ]
      },
      "/Users/viral/workspace/job/exam_system/app/models/topic.rb": {
        "lines": [
          1,
          1,
          1,
          1,
          null,
          1,
          1,
          null
        ]
      },
      "/Users/viral/workspace/job/exam_system/app/models/user.rb": {
        "lines": [
          1,
          1,
          null,
          1,
          1,
          null
        ]
      },
      "/Users/viral/workspace/job/exam_system/db/seeds.rb": {
        "lines": [
          1,
          null,
          1,
          null,
          2,
          null,
          1,
          null,
          null,
          1,
          1,
          1,
          null,
          null,
          1,
          1,
          1,
          null,
          null,
          1,
          1,
          1,
          null,
          null,
          1,
          null,
          1,
          null,
          2,
          null,
          1,
          null,
          null,
          1,
          null,
          1,
          null,
          null,
          null,
          null,
          null,
          null,
          12,
          null,
          null,
          null,
          1,
          null,
          null,
          1,
          null,
          1,
          null,
          null,
          null,
          null,
          null,
          null,
          null,
          null,
          null,
          null,
          null,
          null,
          48,
          null,
          1,
          null
        ]
      }
    },
    "timestamp": 1632395337
  }
}
