<?xml version='1.0'?> 
<!DOCTYPE coverage SYSTEM "http://cobertura.sourceforge.net/xml/coverage-04.dtd">
<!-- Generated by simplecov-cobertura version 1.4.2 (https://github.com/dashingrocket/simplecov-cobertura) -->
<coverage line-rate="0.98" branch-rate="0" lines-covered="131" lines-valid="133" branches-covered="0" branches-valid="0" complexity="0" version="0" timestamp="1632395337">
  <sources>
    <source>/Users/viral/workspace/job/exam_system</source>
  </sources>
  <packages>
    <package name="exam_system" line-rate="0.98" branch-rate="0" complexity="0">
      <classes>
        <class name="application_controller" filename="app/controllers/application_controller.rb" line-rate="1.0" branch-rate="0" complexity="0">
          <methods/>
          <lines>
            <line number="1" branch="false" hits="1"/>
            <line number="2" branch="false" hits="1"/>
            <line number="4" branch="false" hits="1"/>
            <line number="5" branch="false" hits="24"/>
            <line number="8" branch="false" hits="1"/>
            <line number="9" branch="false" hits="20"/>
            <line number="11" branch="false" hits="20"/>
            <line number="12" branch="false" hits="20"/>
          </lines>
        </class>
        <class name="response" filename="app/controllers/concerns/response.rb" line-rate="0.92" branch-rate="0" complexity="0">
          <methods/>
          <lines>
            <line number="1" branch="false" hits="1"/>
            <line number="2" branch="false" hits="1"/>
            <line number="3" branch="false" hits="2"/>
            <line number="6" branch="false" hits="1"/>
            <line number="7" branch="false" hits="1"/>
            <line number="10" branch="false" hits="1"/>
            <line number="11" branch="false" hits="2"/>
            <line number="14" branch="false" hits="1"/>
            <line number="15" branch="false" hits="0"/>
            <line number="18" branch="false" hits="1"/>
            <line number="19" branch="false" hits="2"/>
            <line number="22" branch="false" hits="1"/>
            <line number="23" branch="false" hits="1"/>
          </lines>
        </class>
        <class name="answers_controller" filename="app/controllers/v1/answers_controller.rb" line-rate="1.0" branch-rate="0" complexity="0">
          <methods/>
          <lines>
            <line number="1" branch="false" hits="1"/>
            <line number="2" branch="false" hits="1"/>
            <line number="3" branch="false" hits="1"/>
            <line number="4" branch="false" hits="3"/>
            <line number="5" branch="false" hits="3"/>
            <line number="6" branch="false" hits="2"/>
            <line number="8" branch="false" hits="1"/>
            <line number="12" branch="false" hits="1"/>
            <line number="14" branch="false" hits="1"/>
            <line number="15" branch="false" hits="3"/>
          </lines>
        </class>
        <class name="questions_controller" filename="app/controllers/v1/questions_controller.rb" line-rate="0.91" branch-rate="0" complexity="0">
          <methods/>
          <lines>
            <line number="1" branch="false" hits="1"/>
            <line number="2" branch="false" hits="1"/>
            <line number="3" branch="false" hits="1"/>
            <line number="5" branch="false" hits="1"/>
            <line number="6" branch="false" hits="1"/>
            <line number="7" branch="false" hits="1"/>
            <line number="8" branch="false" hits="0"/>
            <line number="10" branch="false" hits="1"/>
            <line number="14" branch="false" hits="1"/>
            <line number="16" branch="false" hits="1"/>
            <line number="17" branch="false" hits="1"/>
          </lines>
        </class>
        <class name="users_controller" filename="app/controllers/v1/users_controller.rb" line-rate="1.0" branch-rate="0" complexity="0">
          <methods/>
          <lines>
            <line number="1" branch="false" hits="1"/>
            <line number="2" branch="false" hits="1"/>
            <line number="3" branch="false" hits="1"/>
            <line number="5" branch="false" hits="1"/>
            <line number="10" branch="false" hits="1"/>
            <line number="13" branch="false" hits="1"/>
            <line number="15" branch="false" hits="1"/>
            <line number="16" branch="false" hits="4"/>
            <line number="17" branch="false" hits="4"/>
            <line number="18" branch="false" hits="5"/>
            <line number="19" branch="false" hits="5"/>
            <line number="21" branch="false" hits="5"/>
            <line number="40" branch="false" hits="5"/>
            <line number="46" branch="false" hits="4"/>
          </lines>
        </class>
        <class name="answer" filename="app/models/answer.rb" line-rate="1.0" branch-rate="0" complexity="0">
          <methods/>
          <lines>
            <line number="1" branch="false" hits="1"/>
            <line number="2" branch="false" hits="1"/>
            <line number="3" branch="false" hits="1"/>
            <line number="4" branch="false" hits="1"/>
            <line number="6" branch="false" hits="1"/>
            <line number="8" branch="false" hits="1"/>
            <line number="10" branch="false" hits="1"/>
            <line number="11" branch="false" hits="14"/>
            <line number="13" branch="false" hits="12"/>
            <line number="16" branch="false" hits="1"/>
            <line number="17" branch="false" hits="6"/>
            <line number="19" branch="false" hits="4"/>
          </lines>
        </class>
        <class name="application_record" filename="app/models/application_record.rb" line-rate="1.0" branch-rate="0" complexity="0">
          <methods/>
          <lines>
            <line number="1" branch="false" hits="1"/>
            <line number="2" branch="false" hits="1"/>
          </lines>
        </class>
        <class name="chapter" filename="app/models/chapter.rb" line-rate="1.0" branch-rate="0" complexity="0">
          <methods/>
          <lines>
            <line number="1" branch="false" hits="1"/>
            <line number="2" branch="false" hits="1"/>
            <line number="3" branch="false" hits="1"/>
            <line number="5" branch="false" hits="1"/>
            <line number="6" branch="false" hits="1"/>
          </lines>
        </class>
        <class name="exam" filename="app/models/exam.rb" line-rate="1.0" branch-rate="0" complexity="0">
          <methods/>
          <lines>
            <line number="1" branch="false" hits="1"/>
            <line number="2" branch="false" hits="1"/>
            <line number="3" branch="false" hits="1"/>
            <line number="4" branch="false" hits="1"/>
            <line number="5" branch="false" hits="1"/>
            <line number="7" branch="false" hits="1"/>
            <line number="8" branch="false" hits="1"/>
          </lines>
        </class>
        <class name="question" filename="app/models/question.rb" line-rate="1.0" branch-rate="0" complexity="0">
          <methods/>
          <lines>
            <line number="1" branch="false" hits="1"/>
            <line number="2" branch="false" hits="1"/>
            <line number="3" branch="false" hits="1"/>
            <line number="5" branch="false" hits="1"/>
            <line number="7" branch="false" hits="1"/>
            <line number="8" branch="false" hits="1"/>
          </lines>
        </class>
        <class name="question_option" filename="app/models/question_option.rb" line-rate="1.0" branch-rate="0" complexity="0">
          <methods/>
          <lines>
            <line number="1" branch="false" hits="1"/>
            <line number="2" branch="false" hits="1"/>
            <line number="4" branch="false" hits="1"/>
          </lines>
        </class>
        <class name="subject" filename="app/models/subject.rb" line-rate="1.0" branch-rate="0" complexity="0">
          <methods/>
          <lines>
            <line number="1" branch="false" hits="1"/>
            <line number="2" branch="false" hits="1"/>
            <line number="3" branch="false" hits="1"/>
            <line number="4" branch="false" hits="1"/>
            <line number="5" branch="false" hits="1"/>
            <line number="7" branch="false" hits="1"/>
            <line number="8" branch="false" hits="1"/>
          </lines>
        </class>
        <class name="topic" filename="app/models/topic.rb" line-rate="1.0" branch-rate="0" complexity="0">
          <methods/>
          <lines>
            <line number="1" branch="false" hits="1"/>
            <line number="2" branch="false" hits="1"/>
            <line number="3" branch="false" hits="1"/>
            <line number="4" branch="false" hits="1"/>
            <line number="6" branch="false" hits="1"/>
            <line number="7" branch="false" hits="1"/>
          </lines>
        </class>
        <class name="user" filename="app/models/user.rb" line-rate="1.0" branch-rate="0" complexity="0">
          <methods/>
          <lines>
            <line number="1" branch="false" hits="1"/>
            <line number="2" branch="false" hits="1"/>
            <line number="4" branch="false" hits="1"/>
            <line number="5" branch="false" hits="1"/>
          </lines>
        </class>
        <class name="seeds" filename="db/seeds.rb" line-rate="1.0" branch-rate="0" complexity="0">
          <methods/>
          <lines>
            <line number="1" branch="false" hits="1"/>
            <line number="3" branch="false" hits="1"/>
            <line number="5" branch="false" hits="2"/>
            <line number="7" branch="false" hits="1"/>
            <line number="10" branch="false" hits="1"/>
            <line number="11" branch="false" hits="1"/>
            <line number="12" branch="false" hits="1"/>
            <line number="15" branch="false" hits="1"/>
            <line number="16" branch="false" hits="1"/>
            <line number="17" branch="false" hits="1"/>
            <line number="20" branch="false" hits="1"/>
            <line number="21" branch="false" hits="1"/>
            <line number="22" branch="false" hits="1"/>
            <line number="25" branch="false" hits="1"/>
            <line number="27" branch="false" hits="1"/>
            <line number="29" branch="false" hits="2"/>
            <line number="31" branch="false" hits="1"/>
            <line number="34" branch="false" hits="1"/>
            <line number="36" branch="false" hits="1"/>
            <line number="43" branch="false" hits="12"/>
            <line number="47" branch="false" hits="1"/>
            <line number="50" branch="false" hits="1"/>
            <line number="52" branch="false" hits="1"/>
            <line number="65" branch="false" hits="48"/>
            <line number="67" branch="false" hits="1"/>
          </lines>
        </class>
      </classes>
    </package>
  </packages>
</coverage>